e:\02__projects\20__unitylibtest\assets\pluginsprojects\unitypluginsclr\unitypluginsclr\debug\unitypluginsclr.pch
e:\02__projects\20__unitylibtest\assets\pluginsprojects\unitypluginsclr\unitypluginsclr\debug\vc140.pdb
e:\02__projects\20__unitylibtest\assets\pluginsprojects\unitypluginsclr\unitypluginsclr\debug\stdafx.obj
e:\02__projects\20__unitylibtest\assets\pluginsprojects\unitypluginsclr\unitypluginsclr\debug\unitypluginsclr.obj
e:\02__projects\20__unitylibtest\assets\pluginsprojects\unitypluginsclr\unitypluginsclr\debug\assemblyinfo.obj
e:\02__projects\20__unitylibtest\assets\pluginsprojects\unitypluginsclr\unitypluginsclr\debug\.netframework,version=v4.5.2.assemblyattributes.obj
e:\02__projects\20__unitylibtest\assets\pluginsprojects\unitypluginsclr\unitypluginsclr\debug\.netframework,version=v4.5.2.assemblyattributes.asm
e:\02__projects\20__unitylibtest\assets\pluginsprojects\unitypluginsclr\debug\unitypluginsclr.dll
e:\02__projects\20__unitylibtest\assets\pluginsprojects\unitypluginsclr\debug\unitypluginsclr.pdb
e:\02__projects\20__unitylibtest\assets\pluginsprojects\unitypluginsclr\unitypluginsclr\debug\app.res
e:\02__projects\20__unitylibtest\assets\pluginsprojects\unitypluginsclr\unitypluginsclr\debug\unitypluginsclr.vcxprojresolveassemblyreference.cache
e:\02__projects\20__unitylibtest\assets\pluginsprojects\unitypluginsclr\unitypluginsclr\debug\app.res.meta
e:\02__projects\20__unitylibtest\assets\pluginsprojects\unitypluginsclr\unitypluginsclr\debug\assemblyinfo.obj.meta
e:\02__projects\20__unitylibtest\assets\pluginsprojects\unitypluginsclr\unitypluginsclr\debug\stdafx.obj.meta
e:\02__projects\20__unitylibtest\assets\pluginsprojects\unitypluginsclr\unitypluginsclr\debug\unitypluginsclr.log.meta
e:\02__projects\20__unitylibtest\assets\pluginsprojects\unitypluginsclr\unitypluginsclr\debug\unitypluginsclr.obj.meta
e:\02__projects\20__unitylibtest\assets\pluginsprojects\unitypluginsclr\unitypluginsclr\debug\unitypluginsclr.pch.meta
e:\02__projects\20__unitylibtest\assets\pluginsprojects\unitypluginsclr\unitypluginsclr\debug\unitypluginsclr.tlog.meta
e:\02__projects\20__unitylibtest\assets\pluginsprojects\unitypluginsclr\unitypluginsclr\debug\unitypluginsclr.vcxprojresolveassemblyreference.cache.meta
e:\02__projects\20__unitylibtest\assets\pluginsprojects\unitypluginsclr\unitypluginsclr\debug\vc140.pdb.meta
e:\02__projects\20__unitylibtest\assets\pluginsprojects\unitypluginsclr\unitypluginsclr\debug\unitypluginsclr.tlog\cl.command.1.tlog.meta
e:\02__projects\20__unitylibtest\assets\pluginsprojects\unitypluginsclr\unitypluginsclr\debug\unitypluginsclr.tlog\cl.read.1.tlog.meta
e:\02__projects\20__unitylibtest\assets\pluginsprojects\unitypluginsclr\unitypluginsclr\debug\unitypluginsclr.tlog\cl.write.1.tlog.meta
e:\02__projects\20__unitylibtest\assets\pluginsprojects\unitypluginsclr\unitypluginsclr\debug\unitypluginsclr.tlog\link.command.1.tlog.meta
e:\02__projects\20__unitylibtest\assets\pluginsprojects\unitypluginsclr\unitypluginsclr\debug\unitypluginsclr.tlog\link.read.1.tlog.meta
e:\02__projects\20__unitylibtest\assets\pluginsprojects\unitypluginsclr\unitypluginsclr\debug\unitypluginsclr.tlog\link.write.1.tlog.meta
e:\02__projects\20__unitylibtest\assets\pluginsprojects\unitypluginsclr\unitypluginsclr\debug\unitypluginsclr.tlog\metagen.read.1.tlog.meta
e:\02__projects\20__unitylibtest\assets\pluginsprojects\unitypluginsclr\unitypluginsclr\debug\unitypluginsclr.tlog\metagen.write.1.tlog.meta
e:\02__projects\20__unitylibtest\assets\pluginsprojects\unitypluginsclr\unitypluginsclr\debug\unitypluginsclr.tlog\rc.command.1.tlog.meta
e:\02__projects\20__unitylibtest\assets\pluginsprojects\unitypluginsclr\unitypluginsclr\debug\unitypluginsclr.tlog\rc.read.1.tlog.meta
e:\02__projects\20__unitylibtest\assets\pluginsprojects\unitypluginsclr\unitypluginsclr\debug\unitypluginsclr.tlog\rc.write.1.tlog.meta
e:\02__projects\20__unitylibtest\assets\pluginsprojects\unitypluginsclr\unitypluginsclr\debug\unitypluginsclr.tlog\rsaenh.dll.bi.meta
e:\02__projects\20__unitylibtest\assets\pluginsprojects\unitypluginsclr\unitypluginsclr\debug\unitypluginsclr.tlog\tzres.dll.bi.meta
e:\02__projects\20__unitylibtest\assets\pluginsprojects\unitypluginsclr\unitypluginsclr\debug\unitypluginsclr.tlog\unitypluginsclr.lastbuildstate.meta
e:\02__projects\20__unitylibtest\assets\pluginsprojects\unitypluginsclr\unitypluginsclr\debug\unitypluginsclr.tlog\cl.command.1.tlog
e:\02__projects\20__unitylibtest\assets\pluginsprojects\unitypluginsclr\unitypluginsclr\debug\unitypluginsclr.tlog\cl.read.1.tlog
e:\02__projects\20__unitylibtest\assets\pluginsprojects\unitypluginsclr\unitypluginsclr\debug\unitypluginsclr.tlog\cl.write.1.tlog
e:\02__projects\20__unitylibtest\assets\pluginsprojects\unitypluginsclr\unitypluginsclr\debug\unitypluginsclr.tlog\link.command.1.tlog
e:\02__projects\20__unitylibtest\assets\pluginsprojects\unitypluginsclr\unitypluginsclr\debug\unitypluginsclr.tlog\link.read.1.tlog
e:\02__projects\20__unitylibtest\assets\pluginsprojects\unitypluginsclr\unitypluginsclr\debug\unitypluginsclr.tlog\link.write.1.tlog
e:\02__projects\20__unitylibtest\assets\pluginsprojects\unitypluginsclr\unitypluginsclr\debug\unitypluginsclr.tlog\metagen.read.1.tlog
e:\02__projects\20__unitylibtest\assets\pluginsprojects\unitypluginsclr\unitypluginsclr\debug\unitypluginsclr.tlog\metagen.write.1.tlog
e:\02__projects\20__unitylibtest\assets\pluginsprojects\unitypluginsclr\unitypluginsclr\debug\unitypluginsclr.tlog\rc.command.1.tlog
e:\02__projects\20__unitylibtest\assets\pluginsprojects\unitypluginsclr\unitypluginsclr\debug\unitypluginsclr.tlog\rc.read.1.tlog
e:\02__projects\20__unitylibtest\assets\pluginsprojects\unitypluginsclr\unitypluginsclr\debug\unitypluginsclr.tlog\rc.write.1.tlog
e:\02__projects\20__unitylibtest\assets\pluginsprojects\unitypluginsclr\unitypluginsclr\debug\unitypluginsclr.tlog\rsaenh.dll.bi
e:\02__projects\20__unitylibtest\assets\pluginsprojects\unitypluginsclr\unitypluginsclr\debug\unitypluginsclr.tlog\tzres.dll.bi
