e:\02__projects\20__unitylibtest\assets\pluginsprojects\unitypluginsclr\unitypluginsclr\x64\release\unitypluginsclr.pch
e:\02__projects\20__unitylibtest\assets\pluginsprojects\unitypluginsclr\unitypluginsclr\x64\release\vc140.pdb
e:\02__projects\20__unitylibtest\assets\pluginsprojects\unitypluginsclr\unitypluginsclr\x64\release\stdafx.obj
e:\02__projects\20__unitylibtest\assets\pluginsprojects\unitypluginsclr\unitypluginsclr\x64\release\unitypluginsclr.obj
e:\02__projects\20__unitylibtest\assets\pluginsprojects\unitypluginsclr\unitypluginsclr\x64\release\assemblyinfo.obj
e:\02__projects\20__unitylibtest\assets\pluginsprojects\unitypluginsclr\x64\release\unitypluginsclr.dll
e:\02__projects\20__unitylibtest\assets\pluginsprojects\unitypluginsclr\x64\release\unitypluginsclr.pdb
e:\02__projects\20__unitylibtest\assets\pluginsprojects\unitypluginsclr\unitypluginsclr\x64\release\app.res
e:\02__projects\20__unitylibtest\assets\pluginsprojects\unitypluginsclr\unitypluginsclr\x64\release\app.res.meta
e:\02__projects\20__unitylibtest\assets\pluginsprojects\unitypluginsclr\unitypluginsclr\x64\release\assemblyinfo.obj.meta
e:\02__projects\20__unitylibtest\assets\pluginsprojects\unitypluginsclr\unitypluginsclr\x64\release\stdafx.obj.meta
e:\02__projects\20__unitylibtest\assets\pluginsprojects\unitypluginsclr\unitypluginsclr\x64\release\unitypluginsclr.build.cppclean.log.meta
e:\02__projects\20__unitylibtest\assets\pluginsprojects\unitypluginsclr\unitypluginsclr\x64\release\unitypluginsclr.log.meta
e:\02__projects\20__unitylibtest\assets\pluginsprojects\unitypluginsclr\unitypluginsclr\x64\release\unitypluginsclr.obj.meta
e:\02__projects\20__unitylibtest\assets\pluginsprojects\unitypluginsclr\unitypluginsclr\x64\release\unitypluginsclr.pch.meta
e:\02__projects\20__unitylibtest\assets\pluginsprojects\unitypluginsclr\unitypluginsclr\x64\release\unitypluginsclr.tlog.meta
e:\02__projects\20__unitylibtest\assets\pluginsprojects\unitypluginsclr\unitypluginsclr\x64\release\vc140.pdb.meta
e:\02__projects\20__unitylibtest\assets\pluginsprojects\unitypluginsclr\unitypluginsclr\x64\release\unitypluginsclr.tlog\cl.command.1.tlog.meta
e:\02__projects\20__unitylibtest\assets\pluginsprojects\unitypluginsclr\unitypluginsclr\x64\release\unitypluginsclr.tlog\cl.read.1.tlog.meta
e:\02__projects\20__unitylibtest\assets\pluginsprojects\unitypluginsclr\unitypluginsclr\x64\release\unitypluginsclr.tlog\cl.write.1.tlog.meta
e:\02__projects\20__unitylibtest\assets\pluginsprojects\unitypluginsclr\unitypluginsclr\x64\release\unitypluginsclr.tlog\link.command.1.tlog.meta
e:\02__projects\20__unitylibtest\assets\pluginsprojects\unitypluginsclr\unitypluginsclr\x64\release\unitypluginsclr.tlog\link.read.1.tlog.meta
e:\02__projects\20__unitylibtest\assets\pluginsprojects\unitypluginsclr\unitypluginsclr\x64\release\unitypluginsclr.tlog\link.write.1.tlog.meta
e:\02__projects\20__unitylibtest\assets\pluginsprojects\unitypluginsclr\unitypluginsclr\x64\release\unitypluginsclr.tlog\metagen.read.1.tlog.meta
e:\02__projects\20__unitylibtest\assets\pluginsprojects\unitypluginsclr\unitypluginsclr\x64\release\unitypluginsclr.tlog\metagen.write.1.tlog.meta
e:\02__projects\20__unitylibtest\assets\pluginsprojects\unitypluginsclr\unitypluginsclr\x64\release\unitypluginsclr.tlog\rc.command.1.tlog.meta
e:\02__projects\20__unitylibtest\assets\pluginsprojects\unitypluginsclr\unitypluginsclr\x64\release\unitypluginsclr.tlog\rc.read.1.tlog.meta
e:\02__projects\20__unitylibtest\assets\pluginsprojects\unitypluginsclr\unitypluginsclr\x64\release\unitypluginsclr.tlog\rc.write.1.tlog.meta
e:\02__projects\20__unitylibtest\assets\pluginsprojects\unitypluginsclr\unitypluginsclr\x64\release\unitypluginsclr.tlog\rsaenh.dll.bi.meta
e:\02__projects\20__unitylibtest\assets\pluginsprojects\unitypluginsclr\unitypluginsclr\x64\release\unitypluginsclr.tlog\tzres.dll.bi.meta
e:\02__projects\20__unitylibtest\assets\pluginsprojects\unitypluginsclr\unitypluginsclr\x64\release\unitypluginsclr.tlog\unitypluginsclr.lastbuildstate.meta
e:\02__projects\20__unitylibtest\assets\pluginsprojects\unitypluginsclr\unitypluginsclr\x64\release\unitypluginsclr.tlog\cl.command.1.tlog
e:\02__projects\20__unitylibtest\assets\pluginsprojects\unitypluginsclr\unitypluginsclr\x64\release\unitypluginsclr.tlog\cl.read.1.tlog
e:\02__projects\20__unitylibtest\assets\pluginsprojects\unitypluginsclr\unitypluginsclr\x64\release\unitypluginsclr.tlog\cl.write.1.tlog
e:\02__projects\20__unitylibtest\assets\pluginsprojects\unitypluginsclr\unitypluginsclr\x64\release\unitypluginsclr.tlog\link.command.1.tlog
e:\02__projects\20__unitylibtest\assets\pluginsprojects\unitypluginsclr\unitypluginsclr\x64\release\unitypluginsclr.tlog\link.read.1.tlog
e:\02__projects\20__unitylibtest\assets\pluginsprojects\unitypluginsclr\unitypluginsclr\x64\release\unitypluginsclr.tlog\link.write.1.tlog
e:\02__projects\20__unitylibtest\assets\pluginsprojects\unitypluginsclr\unitypluginsclr\x64\release\unitypluginsclr.tlog\metagen.read.1.tlog
e:\02__projects\20__unitylibtest\assets\pluginsprojects\unitypluginsclr\unitypluginsclr\x64\release\unitypluginsclr.tlog\metagen.write.1.tlog
e:\02__projects\20__unitylibtest\assets\pluginsprojects\unitypluginsclr\unitypluginsclr\x64\release\unitypluginsclr.tlog\rc.command.1.tlog
e:\02__projects\20__unitylibtest\assets\pluginsprojects\unitypluginsclr\unitypluginsclr\x64\release\unitypluginsclr.tlog\rc.read.1.tlog
e:\02__projects\20__unitylibtest\assets\pluginsprojects\unitypluginsclr\unitypluginsclr\x64\release\unitypluginsclr.tlog\rc.write.1.tlog
e:\02__projects\20__unitylibtest\assets\pluginsprojects\unitypluginsclr\unitypluginsclr\x64\release\unitypluginsclr.tlog\rsaenh.dll.bi
e:\02__projects\20__unitylibtest\assets\pluginsprojects\unitypluginsclr\unitypluginsclr\x64\release\unitypluginsclr.tlog\tzres.dll.bi
