e:\02__projects\20__unitylibtest\assets\pluginsprojects\unitypluginsnative\unitypluginsnative\release\unitypluginsnative.pch
e:\02__projects\20__unitylibtest\assets\pluginsprojects\unitypluginsnative\unitypluginsnative\release\vc140.pdb
e:\02__projects\20__unitylibtest\assets\pluginsprojects\unitypluginsnative\unitypluginsnative\release\stdafx.obj
e:\02__projects\20__unitylibtest\assets\pluginsprojects\unitypluginsnative\unitypluginsnative\release\dllmain.obj
e:\02__projects\20__unitylibtest\assets\pluginsprojects\unitypluginsnative\unitypluginsnative\release\unitypluginsnative.obj
e:\02__projects\20__unitylibtest\assets\pluginsprojects\unitypluginsnative\release\unitypluginsnative.dll
e:\02__projects\20__unitylibtest\assets\pluginsprojects\unitypluginsnative\release\unitypluginsnative.ipdb
e:\02__projects\20__unitylibtest\assets\pluginsprojects\unitypluginsnative\release\unitypluginsnative.iobj
e:\02__projects\20__unitylibtest\assets\pluginsprojects\unitypluginsnative\release\unitypluginsnative.pdb
e:\02__projects\20__unitylibtest\assets\pluginsprojects\unitypluginsnative\release\unitypluginsnative.lib
e:\02__projects\20__unitylibtest\assets\pluginsprojects\unitypluginsnative\release\unitypluginsnative.exp
e:\02__projects\20__unitylibtest\assets\pluginsprojects\unitypluginsnative\unitypluginsnative\release\dllmain.obj.meta
e:\02__projects\20__unitylibtest\assets\pluginsprojects\unitypluginsnative\unitypluginsnative\release\stdafx.obj.meta
e:\02__projects\20__unitylibtest\assets\pluginsprojects\unitypluginsnative\unitypluginsnative\release\unityplu.9696d1cf.tlog.meta
e:\02__projects\20__unitylibtest\assets\pluginsprojects\unitypluginsnative\unitypluginsnative\release\unitypluginsnative.build.cppclean.log.meta
e:\02__projects\20__unitylibtest\assets\pluginsprojects\unitypluginsnative\unitypluginsnative\release\unitypluginsnative.log.meta
e:\02__projects\20__unitylibtest\assets\pluginsprojects\unitypluginsnative\unitypluginsnative\release\unitypluginsnative.obj.meta
e:\02__projects\20__unitylibtest\assets\pluginsprojects\unitypluginsnative\unitypluginsnative\release\unitypluginsnative.pch.meta
e:\02__projects\20__unitylibtest\assets\pluginsprojects\unitypluginsnative\unitypluginsnative\release\vc140.pdb.meta
e:\02__projects\20__unitylibtest\assets\pluginsprojects\unitypluginsnative\unitypluginsnative\release\unityplu.9696d1cf.tlog\cl.command.1.tlog.meta
e:\02__projects\20__unitylibtest\assets\pluginsprojects\unitypluginsnative\unitypluginsnative\release\unityplu.9696d1cf.tlog\cl.read.1.tlog.meta
e:\02__projects\20__unitylibtest\assets\pluginsprojects\unitypluginsnative\unitypluginsnative\release\unityplu.9696d1cf.tlog\cl.write.1.tlog.meta
e:\02__projects\20__unitylibtest\assets\pluginsprojects\unitypluginsnative\unitypluginsnative\release\unityplu.9696d1cf.tlog\link.command.1.tlog.meta
e:\02__projects\20__unitylibtest\assets\pluginsprojects\unitypluginsnative\unitypluginsnative\release\unityplu.9696d1cf.tlog\link.read.1.tlog.meta
e:\02__projects\20__unitylibtest\assets\pluginsprojects\unitypluginsnative\unitypluginsnative\release\unityplu.9696d1cf.tlog\link.write.1.tlog.meta
e:\02__projects\20__unitylibtest\assets\pluginsprojects\unitypluginsnative\unitypluginsnative\release\unityplu.9696d1cf.tlog\unitypluginsnative.lastbuildstate.meta
e:\02__projects\20__unitylibtest\assets\pluginsprojects\unitypluginsnative\unitypluginsnative\release\unityplu.9696d1cf.tlog\unitypluginsnative.write.1u.tlog.meta
e:\02__projects\20__unitylibtest\assets\pluginsprojects\unitypluginsnative\unitypluginsnative\release\unityplu.9696d1cf.tlog\cl.command.1.tlog
e:\02__projects\20__unitylibtest\assets\pluginsprojects\unitypluginsnative\unitypluginsnative\release\unityplu.9696d1cf.tlog\cl.read.1.tlog
e:\02__projects\20__unitylibtest\assets\pluginsprojects\unitypluginsnative\unitypluginsnative\release\unityplu.9696d1cf.tlog\cl.write.1.tlog
e:\02__projects\20__unitylibtest\assets\pluginsprojects\unitypluginsnative\unitypluginsnative\release\unityplu.9696d1cf.tlog\link.command.1.tlog
e:\02__projects\20__unitylibtest\assets\pluginsprojects\unitypluginsnative\unitypluginsnative\release\unityplu.9696d1cf.tlog\link.read.1.tlog
e:\02__projects\20__unitylibtest\assets\pluginsprojects\unitypluginsnative\unitypluginsnative\release\unityplu.9696d1cf.tlog\link.write.1.tlog
e:\02__projects\20__unitylibtest\assets\pluginsprojects\unitypluginsnative\unitypluginsnative\release\unityplu.9696d1cf.tlog\unitypluginsnative.write.1u.tlog
